[0.016s] Invoking command in '/home/mahmudul/virtual_bot_ws/build/autonomous_bot': CMAKE_PREFIX_PATH=/opt/ros/humble /usr/bin/cmake --build /home/mahmudul/virtual_bot_ws/build/autonomous_bot -- -j4 -l4
[0.063s] Invoked command in '/home/mahmudul/virtual_bot_ws/build/autonomous_bot' returned '0': CMAKE_PREFIX_PATH=/opt/ros/humble /usr/bin/cmake --build /home/mahmudul/virtual_bot_ws/build/autonomous_bot -- -j4 -l4
[0.078s] Invoking command in '/home/mahmudul/virtual_bot_ws/build/autonomous_bot': CMAKE_PREFIX_PATH=/opt/ros/humble /usr/bin/cmake --install /home/mahmudul/virtual_bot_ws/build/autonomous_bot
[0.086s] -- Install configuration: ""
[0.086s] -- Execute custom install script
[0.087s] -- Up-to-date symlink: /home/mahmudul/virtual_bot_ws/install/autonomous_bot/share/autonomous_bot//urdf/bot.urdf
[0.087s] -- Up-to-date symlink: /home/mahmudul/virtual_bot_ws/install/autonomous_bot/share/autonomous_bot//urdf/bot.urdf.xacro
[0.088s] -- Symlinking: /home/mahmudul/virtual_bot_ws/install/autonomous_bot/share/autonomous_bot//launch/mapping.launch.py
[0.099s] -- Up-to-date symlink: /home/mahmudul/virtual_bot_ws/install/autonomous_bot/share/autonomous_bot//launch/simulation.launch.py
[0.099s] -- Up-to-date symlink: /home/mahmudul/virtual_bot_ws/install/autonomous_bot/share/autonomous_bot//launch/slam.launch.py
[0.099s] -- Symlinking: /home/mahmudul/virtual_bot_ws/install/autonomous_bot/share/autonomous_bot//config/mapping.rviz
[0.110s] -- Up-to-date symlink: /home/mahmudul/virtual_bot_ws/install/autonomous_bot/share/autonomous_bot//config/slam_params.yaml
[0.111s] -- Up-to-date symlink: /home/mahmudul/virtual_bot_ws/install/autonomous_bot/share/autonomous_bot//worlds/test_world.world
[0.111s] -- Up-to-date symlink: /home/mahmudul/virtual_bot_ws/install/autonomous_bot/share/ament_index/resource_index/package_run_dependencies/autonomous_bot
[0.112s] -- Up-to-date symlink: /home/mahmudul/virtual_bot_ws/install/autonomous_bot/share/ament_index/resource_index/parent_prefix_path/autonomous_bot
[0.112s] -- Up-to-date symlink: /home/mahmudul/virtual_bot_ws/install/autonomous_bot/share/autonomous_bot/environment/ament_prefix_path.sh
[0.112s] -- Up-to-date symlink: /home/mahmudul/virtual_bot_ws/install/autonomous_bot/share/autonomous_bot/environment/ament_prefix_path.dsv
[0.113s] -- Up-to-date symlink: /home/mahmudul/virtual_bot_ws/install/autonomous_bot/share/autonomous_bot/environment/path.sh
[0.113s] -- Up-to-date symlink: /home/mahmudul/virtual_bot_ws/install/autonomous_bot/share/autonomous_bot/environment/path.dsv
[0.113s] -- Up-to-date symlink: /home/mahmudul/virtual_bot_ws/install/autonomous_bot/share/autonomous_bot/local_setup.bash
[0.113s] -- Up-to-date symlink: /home/mahmudul/virtual_bot_ws/install/autonomous_bot/share/autonomous_bot/local_setup.sh
[0.114s] -- Up-to-date symlink: /home/mahmudul/virtual_bot_ws/install/autonomous_bot/share/autonomous_bot/local_setup.zsh
[0.114s] -- Up-to-date symlink: /home/mahmudul/virtual_bot_ws/install/autonomous_bot/share/autonomous_bot/local_setup.dsv
[0.114s] -- Symlinking: /home/mahmudul/virtual_bot_ws/install/autonomous_bot/share/autonomous_bot/package.dsv
[0.127s] -- Up-to-date symlink: /home/mahmudul/virtual_bot_ws/install/autonomous_bot/share/ament_index/resource_index/packages/autonomous_bot
[0.127s] -- Up-to-date symlink: /home/mahmudul/virtual_bot_ws/install/autonomous_bot/share/autonomous_bot/cmake/autonomous_botConfig.cmake
[0.127s] -- Up-to-date symlink: /home/mahmudul/virtual_bot_ws/install/autonomous_bot/share/autonomous_bot/cmake/autonomous_botConfig-version.cmake
[0.128s] -- Up-to-date symlink: /home/mahmudul/virtual_bot_ws/install/autonomous_bot/share/autonomous_bot/package.xml
[0.130s] Invoked command in '/home/mahmudul/virtual_bot_ws/build/autonomous_bot' returned '0': CMAKE_PREFIX_PATH=/opt/ros/humble /usr/bin/cmake --install /home/mahmudul/virtual_bot_ws/build/autonomous_bot
