[0.015s] Invoking command in '/home/mahmudul/virtual_bot_ws/build/autonomous_bot': CMAKE_PREFIX_PATH=${CMAKE_PREFIX_PATH}:/opt/ros/humble /usr/bin/cmake --build /home/mahmudul/virtual_bot_ws/build/autonomous_bot -- -j4 -l4
[0.064s] Invoked command in '/home/mahmudul/virtual_bot_ws/build/autonomous_bot' returned '0': CMAKE_PREFIX_PATH=${CMAKE_PREFIX_PATH}:/opt/ros/humble /usr/bin/cmake --build /home/mahmudul/virtual_bot_ws/build/autonomous_bot -- -j4 -l4
[0.076s] Invoking command in '/home/mahmudul/virtual_bot_ws/build/autonomous_bot': CMAKE_PREFIX_PATH=${CMAKE_PREFIX_PATH}:/opt/ros/humble /usr/bin/cmake --install /home/mahmudul/virtual_bot_ws/build/autonomous_bot
[0.084s] -- Install configuration: ""
[0.085s] -- Execute custom install script
[0.085s] -- Up-to-date symlink: /home/mahmudul/virtual_bot_ws/install/autonomous_bot/share/autonomous_bot//urdf/bot.urdf
[0.085s] -- Up-to-date symlink: /home/mahmudul/virtual_bot_ws/install/autonomous_bot/share/autonomous_bot//urdf/bot.urdf.xacro
[0.086s] -- Up-to-date symlink: /home/mahmudul/virtual_bot_ws/install/autonomous_bot/share/autonomous_bot//launch/mapping.launch.py
[0.086s] -- Up-to-date symlink: /home/mahmudul/virtual_bot_ws/install/autonomous_bot/share/autonomous_bot//launch/simulation.launch.py
[0.086s] -- Up-to-date symlink: /home/mahmudul/virtual_bot_ws/install/autonomous_bot/share/autonomous_bot//launch/slam.launch.py
[0.087s] -- Up-to-date symlink: /home/mahmudul/virtual_bot_ws/install/autonomous_bot/share/autonomous_bot//config/mapping.rviz
[0.087s] -- Up-to-date symlink: /home/mahmudul/virtual_bot_ws/install/autonomous_bot/share/autonomous_bot//config/slam_params.yaml
[0.087s] -- Up-to-date symlink: /home/mahmudul/virtual_bot_ws/install/autonomous_bot/share/autonomous_bot//worlds/test_world.world
[0.088s] -- Up-to-date symlink: /home/mahmudul/virtual_bot_ws/install/autonomous_bot/share/ament_index/resource_index/package_run_dependencies/autonomous_bot
[0.088s] -- Up-to-date symlink: /home/mahmudul/virtual_bot_ws/install/autonomous_bot/share/ament_index/resource_index/parent_prefix_path/autonomous_bot
[0.088s] -- Up-to-date symlink: /home/mahmudul/virtual_bot_ws/install/autonomous_bot/share/autonomous_bot/environment/ament_prefix_path.sh
[0.088s] -- Up-to-date symlink: /home/mahmudul/virtual_bot_ws/install/autonomous_bot/share/autonomous_bot/environment/ament_prefix_path.dsv
[0.089s] -- Up-to-date symlink: /home/mahmudul/virtual_bot_ws/install/autonomous_bot/share/autonomous_bot/environment/path.sh
[0.089s] -- Up-to-date symlink: /home/mahmudul/virtual_bot_ws/install/autonomous_bot/share/autonomous_bot/environment/path.dsv
[0.089s] -- Up-to-date symlink: /home/mahmudul/virtual_bot_ws/install/autonomous_bot/share/autonomous_bot/local_setup.bash
[0.089s] -- Up-to-date symlink: /home/mahmudul/virtual_bot_ws/install/autonomous_bot/share/autonomous_bot/local_setup.sh
[0.089s] -- Up-to-date symlink: /home/mahmudul/virtual_bot_ws/install/autonomous_bot/share/autonomous_bot/local_setup.zsh
[0.090s] -- Up-to-date symlink: /home/mahmudul/virtual_bot_ws/install/autonomous_bot/share/autonomous_bot/local_setup.dsv
[0.090s] -- Symlinking: /home/mahmudul/virtual_bot_ws/install/autonomous_bot/share/autonomous_bot/package.dsv
[0.101s] -- Up-to-date symlink: /home/mahmudul/virtual_bot_ws/install/autonomous_bot/share/ament_index/resource_index/packages/autonomous_bot
[0.101s] -- Up-to-date symlink: /home/mahmudul/virtual_bot_ws/install/autonomous_bot/share/autonomous_bot/cmake/autonomous_botConfig.cmake
[0.101s] -- Up-to-date symlink: /home/mahmudul/virtual_bot_ws/install/autonomous_bot/share/autonomous_bot/cmake/autonomous_botConfig-version.cmake
[0.101s] -- Up-to-date symlink: /home/mahmudul/virtual_bot_ws/install/autonomous_bot/share/autonomous_bot/package.xml
[0.104s] Invoked command in '/home/mahmudul/virtual_bot_ws/build/autonomous_bot' returned '0': CMAKE_PREFIX_PATH=${CMAKE_PREFIX_PATH}:/opt/ros/humble /usr/bin/cmake --install /home/mahmudul/virtual_bot_ws/build/autonomous_bot
