[0.460s] DEBUG:colcon:Command line arguments: ['/usr/bin/colcon', 'build', '--packages-select', 'autonomous_bot']
[0.460s] DEBUG:colcon:Parsed command line arguments: Namespace(log_base=None, log_level=None, verb_name='build', build_base='build', install_base='install', merge_install=False, symlink_install=False, test_result_base=None, continue_on_error=False, executor='parallel', parallel_workers=4, event_handlers=None, ignore_user_meta=False, metas=['./colcon.meta'], base_paths=['.'], packages_ignore=None, packages_ignore_regex=None, paths=None, packages_up_to=None, packages_up_to_regex=None, packages_above=None, packages_above_and_dependencies=None, packages_above_depth=None, packages_select_by_dep=None, packages_skip_by_dep=None, packages_skip_up_to=None, packages_select_build_failed=False, packages_skip_build_finished=False, packages_select_test_failures=False, packages_skip_test_passed=False, packages_select=['autonomous_bot'], packages_skip=None, packages_select_regex=None, packages_skip_regex=None, packages_start=None, packages_end=None, allow_overriding=[], cmake_args=None, cmake_target=None, cmake_target_skip_unavailable=False, cmake_clean_cache=False, cmake_clean_first=False, cmake_force_configure=False, ament_cmake_args=None, catkin_cmake_args=None, catkin_skip_building_tests=False, verb_parser=<colcon_defaults.argument_parser.defaults.DefaultArgumentsDecorator object at 0x7e92cfa56680>, verb_extension=<colcon_core.verb.build.BuildVerb object at 0x7e92cfa56110>, main=<bound method BuildVerb.main of <colcon_core.verb.build.BuildVerb object at 0x7e92cfa56110>>)
[1.633s] Level 1:colcon.colcon_core.package_discovery:discover_packages(colcon_meta) check parameters
[1.634s] Level 1:colcon.colcon_core.package_discovery:discover_packages(recursive) check parameters
[1.634s] Level 1:colcon.colcon_core.package_discovery:discover_packages(ignore) check parameters
[1.635s] Level 1:colcon.colcon_core.package_discovery:discover_packages(path) check parameters
[1.636s] Level 1:colcon.colcon_core.package_discovery:discover_packages(colcon_meta) discover
[1.637s] Level 1:colcon.colcon_core.package_discovery:discover_packages(recursive) discover
[1.637s] INFO:colcon.colcon_core.package_discovery:Crawling recursively for packages in '/home/mahmudul/virtual_bot_ws'
[1.639s] Level 1:colcon.colcon_core.package_identification:_identify(.) by extensions ['ignore', 'ignore_ament_install']
[1.640s] Level 1:colcon.colcon_core.package_identification:_identify(.) by extension 'ignore'
[1.641s] Level 1:colcon.colcon_core.package_identification:_identify(.) by extension 'ignore_ament_install'
[1.642s] Level 1:colcon.colcon_core.package_identification:_identify(.) by extensions ['colcon_pkg']
[1.642s] Level 1:colcon.colcon_core.package_identification:_identify(.) by extension 'colcon_pkg'
[1.643s] Level 1:colcon.colcon_core.package_identification:_identify(.) by extensions ['colcon_meta']
[1.643s] Level 1:colcon.colcon_core.package_identification:_identify(.) by extension 'colcon_meta'
[1.644s] Level 1:colcon.colcon_core.package_identification:_identify(.) by extensions ['ros']
[1.644s] Level 1:colcon.colcon_core.package_identification:_identify(.) by extension 'ros'
[1.694s] Level 1:colcon.colcon_core.package_identification:_identify(.) by extensions ['cmake', 'python']
[1.694s] Level 1:colcon.colcon_core.package_identification:_identify(.) by extension 'cmake'
[1.694s] Level 1:colcon.colcon_core.package_identification:_identify(.) by extension 'python'
[1.694s] Level 1:colcon.colcon_core.package_identification:_identify(.) by extensions ['python_setup_py']
[1.694s] Level 1:colcon.colcon_core.package_identification:_identify(.) by extension 'python_setup_py'
[1.694s] Level 1:colcon.colcon_core.package_identification:_identify(build) by extensions ['ignore', 'ignore_ament_install']
[1.694s] Level 1:colcon.colcon_core.package_identification:_identify(build) by extension 'ignore'
[1.694s] Level 1:colcon.colcon_core.package_identification:_identify(build) ignored
[1.695s] Level 1:colcon.colcon_core.package_identification:_identify(install) by extensions ['ignore', 'ignore_ament_install']
[1.695s] Level 1:colcon.colcon_core.package_identification:_identify(install) by extension 'ignore'
[1.695s] Level 1:colcon.colcon_core.package_identification:_identify(install) ignored
[1.695s] Level 1:colcon.colcon_core.package_identification:_identify(log) by extensions ['ignore', 'ignore_ament_install']
[1.695s] Level 1:colcon.colcon_core.package_identification:_identify(log) by extension 'ignore'
[1.695s] Level 1:colcon.colcon_core.package_identification:_identify(log) ignored
[1.695s] Level 1:colcon.colcon_core.package_identification:_identify(src) by extensions ['ignore', 'ignore_ament_install']
[1.695s] Level 1:colcon.colcon_core.package_identification:_identify(src) by extension 'ignore'
[1.696s] Level 1:colcon.colcon_core.package_identification:_identify(src) by extension 'ignore_ament_install'
[1.696s] Level 1:colcon.colcon_core.package_identification:_identify(src) by extensions ['colcon_pkg']
[1.696s] Level 1:colcon.colcon_core.package_identification:_identify(src) by extension 'colcon_pkg'
[1.696s] Level 1:colcon.colcon_core.package_identification:_identify(src) by extensions ['colcon_meta']
[1.696s] Level 1:colcon.colcon_core.package_identification:_identify(src) by extension 'colcon_meta'
[1.696s] Level 1:colcon.colcon_core.package_identification:_identify(src) by extensions ['ros']
[1.696s] Level 1:colcon.colcon_core.package_identification:_identify(src) by extension 'ros'
[1.696s] Level 1:colcon.colcon_core.package_identification:_identify(src) by extensions ['cmake', 'python']
[1.696s] Level 1:colcon.colcon_core.package_identification:_identify(src) by extension 'cmake'
[1.696s] Level 1:colcon.colcon_core.package_identification:_identify(src) by extension 'python'
[1.696s] Level 1:colcon.colcon_core.package_identification:_identify(src) by extensions ['python_setup_py']
[1.696s] Level 1:colcon.colcon_core.package_identification:_identify(src) by extension 'python_setup_py'
[1.697s] Level 1:colcon.colcon_core.package_identification:_identify(src/autonomous_bot) by extensions ['ignore', 'ignore_ament_install']
[1.697s] Level 1:colcon.colcon_core.package_identification:_identify(src/autonomous_bot) by extension 'ignore'
[1.697s] Level 1:colcon.colcon_core.package_identification:_identify(src/autonomous_bot) by extension 'ignore_ament_install'
[1.697s] Level 1:colcon.colcon_core.package_identification:_identify(src/autonomous_bot) by extensions ['colcon_pkg']
[1.697s] Level 1:colcon.colcon_core.package_identification:_identify(src/autonomous_bot) by extension 'colcon_pkg'
[1.697s] Level 1:colcon.colcon_core.package_identification:_identify(src/autonomous_bot) by extensions ['colcon_meta']
[1.697s] Level 1:colcon.colcon_core.package_identification:_identify(src/autonomous_bot) by extension 'colcon_meta'
[1.697s] Level 1:colcon.colcon_core.package_identification:_identify(src/autonomous_bot) by extensions ['ros']
[1.697s] Level 1:colcon.colcon_core.package_identification:_identify(src/autonomous_bot) by extension 'ros'
[1.712s] DEBUG:colcon.colcon_core.package_identification:Package 'src/autonomous_bot' with type 'ros.ament_cmake' and name 'autonomous_bot'
[1.712s] Level 1:colcon.colcon_core.package_discovery:discover_packages(recursive) using defaults
[1.712s] Level 1:colcon.colcon_core.package_discovery:discover_packages(ignore) discover
[1.712s] Level 1:colcon.colcon_core.package_discovery:discover_packages(ignore) using defaults
[1.712s] Level 1:colcon.colcon_core.package_discovery:discover_packages(path) discover
[1.712s] Level 1:colcon.colcon_core.package_discovery:discover_packages(path) using defaults
[1.796s] Level 1:colcon.colcon_core.package_discovery:discover_packages(prefix_path) check parameters
[1.797s] Level 1:colcon.colcon_core.package_discovery:discover_packages(prefix_path) discover
[1.817s] DEBUG:colcon.colcon_installed_package_information.package_discovery:Found 1 installed packages in /home/mahmudul/virtual_bot_ws/install
[1.821s] DEBUG:colcon.colcon_installed_package_information.package_discovery:Found 382 installed packages in /opt/ros/humble
[1.824s] Level 1:colcon.colcon_core.package_discovery:discover_packages(prefix_path) using defaults
[1.969s] Level 5:colcon.colcon_core.verb:set package 'autonomous_bot' build argument 'cmake_args' from command line to 'None'
[1.969s] Level 5:colcon.colcon_core.verb:set package 'autonomous_bot' build argument 'cmake_target' from command line to 'None'
[1.969s] Level 5:colcon.colcon_core.verb:set package 'autonomous_bot' build argument 'cmake_target_skip_unavailable' from command line to 'False'
[1.970s] Level 5:colcon.colcon_core.verb:set package 'autonomous_bot' build argument 'cmake_clean_cache' from command line to 'False'
[1.970s] Level 5:colcon.colcon_core.verb:set package 'autonomous_bot' build argument 'cmake_clean_first' from command line to 'False'
[1.971s] Level 5:colcon.colcon_core.verb:set package 'autonomous_bot' build argument 'cmake_force_configure' from command line to 'False'
[1.971s] Level 5:colcon.colcon_core.verb:set package 'autonomous_bot' build argument 'ament_cmake_args' from command line to 'None'
[1.971s] Level 5:colcon.colcon_core.verb:set package 'autonomous_bot' build argument 'catkin_cmake_args' from command line to 'None'
[1.972s] Level 5:colcon.colcon_core.verb:set package 'autonomous_bot' build argument 'catkin_skip_building_tests' from command line to 'False'
[1.972s] DEBUG:colcon.colcon_core.verb:Building package 'autonomous_bot' with the following arguments: {'ament_cmake_args': None, 'build_base': '/home/mahmudul/virtual_bot_ws/build/autonomous_bot', 'catkin_cmake_args': None, 'catkin_skip_building_tests': False, 'cmake_args': None, 'cmake_clean_cache': False, 'cmake_clean_first': False, 'cmake_force_configure': False, 'cmake_target': None, 'cmake_target_skip_unavailable': False, 'install_base': '/home/mahmudul/virtual_bot_ws/install/autonomous_bot', 'merge_install': False, 'path': '/home/mahmudul/virtual_bot_ws/src/autonomous_bot', 'symlink_install': False, 'test_result_base': None}
[1.974s] INFO:colcon.colcon_core.executor:Executing jobs using 'parallel' executor
[1.979s] DEBUG:colcon.colcon_parallel_executor.executor.parallel:run_until_complete
[1.980s] INFO:colcon.colcon_ros.task.ament_cmake.build:Building ROS package in '/home/mahmudul/virtual_bot_ws/src/autonomous_bot' with build type 'ament_cmake'
[1.980s] INFO:colcon.colcon_cmake.task.cmake.build:Building CMake package in '/home/mahmudul/virtual_bot_ws/src/autonomous_bot'
[1.999s] INFO:colcon.colcon_core.plugin_system:Skipping extension 'colcon_core.shell.bat': Not used on non-Windows systems
[1.999s] INFO:colcon.colcon_core.shell:Skip shell extension 'powershell' for command environment: Not usable outside of PowerShell
[1.999s] DEBUG:colcon.colcon_core.shell:Skip shell extension 'dsv' for command environment
[2.040s] DEBUG:colcon.colcon_core.event_handler.log_command:Invoking command in '/home/mahmudul/virtual_bot_ws/build/autonomous_bot': CMAKE_PREFIX_PATH=${CMAKE_PREFIX_PATH}:/opt/ros/humble /usr/bin/cmake --build /home/mahmudul/virtual_bot_ws/build/autonomous_bot -- -j4 -l4
[2.243s] DEBUG:colcon.colcon_core.event_handler.log_command:Invoked command in '/home/mahmudul/virtual_bot_ws/build/autonomous_bot' returned '0': CMAKE_PREFIX_PATH=${CMAKE_PREFIX_PATH}:/opt/ros/humble /usr/bin/cmake --build /home/mahmudul/virtual_bot_ws/build/autonomous_bot -- -j4 -l4
[2.282s] DEBUG:colcon.colcon_core.event_handler.log_command:Invoking command in '/home/mahmudul/virtual_bot_ws/build/autonomous_bot': CMAKE_PREFIX_PATH=${CMAKE_PREFIX_PATH}:/opt/ros/humble /usr/bin/cmake --install /home/mahmudul/virtual_bot_ws/build/autonomous_bot
[2.430s] Level 1:colcon.colcon_core.environment:create_environment_scripts_only(autonomous_bot)
[2.431s] DEBUG:colcon.colcon_core.event_handler.log_command:Invoked command in '/home/mahmudul/virtual_bot_ws/build/autonomous_bot' returned '0': CMAKE_PREFIX_PATH=${CMAKE_PREFIX_PATH}:/opt/ros/humble /usr/bin/cmake --install /home/mahmudul/virtual_bot_ws/build/autonomous_bot
[2.447s] Level 1:colcon.colcon_core.environment:checking '/home/mahmudul/virtual_bot_ws/install/autonomous_bot' for CMake module files
[2.447s] Level 1:colcon.colcon_core.environment:checking '/home/mahmudul/virtual_bot_ws/install/autonomous_bot' for CMake config files
[2.448s] Level 1:colcon.colcon_core.shell:create_environment_hook('autonomous_bot', 'cmake_prefix_path')
[2.449s] INFO:colcon.colcon_core.shell:Creating environment hook '/home/mahmudul/virtual_bot_ws/install/autonomous_bot/share/autonomous_bot/hook/cmake_prefix_path.ps1'
[2.453s] INFO:colcon.colcon_core.shell:Creating environment descriptor '/home/mahmudul/virtual_bot_ws/install/autonomous_bot/share/autonomous_bot/hook/cmake_prefix_path.dsv'
[2.460s] INFO:colcon.colcon_core.shell:Creating environment hook '/home/mahmudul/virtual_bot_ws/install/autonomous_bot/share/autonomous_bot/hook/cmake_prefix_path.sh'
[2.463s] Level 1:colcon.colcon_core.environment:checking '/home/mahmudul/virtual_bot_ws/install/autonomous_bot/bin'
[2.463s] Level 1:colcon.colcon_core.environment:checking '/home/mahmudul/virtual_bot_ws/install/autonomous_bot/lib/pkgconfig/autonomous_bot.pc'
[2.464s] Level 1:colcon.colcon_core.environment:checking '/home/mahmudul/virtual_bot_ws/install/autonomous_bot/lib/python3.10/site-packages'
[2.464s] Level 1:colcon.colcon_core.environment:checking '/home/mahmudul/virtual_bot_ws/install/autonomous_bot/bin'
[2.465s] INFO:colcon.colcon_core.shell:Creating package script '/home/mahmudul/virtual_bot_ws/install/autonomous_bot/share/autonomous_bot/package.ps1'
[2.470s] INFO:colcon.colcon_core.shell:Creating package descriptor '/home/mahmudul/virtual_bot_ws/install/autonomous_bot/share/autonomous_bot/package.dsv'
[2.476s] INFO:colcon.colcon_core.shell:Creating package script '/home/mahmudul/virtual_bot_ws/install/autonomous_bot/share/autonomous_bot/package.sh'
[2.479s] INFO:colcon.colcon_core.shell:Creating package script '/home/mahmudul/virtual_bot_ws/install/autonomous_bot/share/autonomous_bot/package.bash'
[2.481s] INFO:colcon.colcon_core.shell:Creating package script '/home/mahmudul/virtual_bot_ws/install/autonomous_bot/share/autonomous_bot/package.zsh'
[2.490s] Level 1:colcon.colcon_core.environment:create_file_with_runtime_dependencies(/home/mahmudul/virtual_bot_ws/install/autonomous_bot/share/colcon-core/packages/autonomous_bot)
[2.494s] Level 1:colcon.colcon_core.environment:create_environment_scripts_only(autonomous_bot)
[2.494s] Level 1:colcon.colcon_core.environment:checking '/home/mahmudul/virtual_bot_ws/install/autonomous_bot' for CMake module files
[2.495s] Level 1:colcon.colcon_core.environment:checking '/home/mahmudul/virtual_bot_ws/install/autonomous_bot' for CMake config files
[2.495s] Level 1:colcon.colcon_core.shell:create_environment_hook('autonomous_bot', 'cmake_prefix_path')
[2.496s] INFO:colcon.colcon_core.shell:Creating environment hook '/home/mahmudul/virtual_bot_ws/install/autonomous_bot/share/autonomous_bot/hook/cmake_prefix_path.ps1'
[2.497s] INFO:colcon.colcon_core.shell:Creating environment descriptor '/home/mahmudul/virtual_bot_ws/install/autonomous_bot/share/autonomous_bot/hook/cmake_prefix_path.dsv'
[2.501s] INFO:colcon.colcon_core.shell:Creating environment hook '/home/mahmudul/virtual_bot_ws/install/autonomous_bot/share/autonomous_bot/hook/cmake_prefix_path.sh'
[2.506s] Level 1:colcon.colcon_core.environment:checking '/home/mahmudul/virtual_bot_ws/install/autonomous_bot/bin'
[2.506s] Level 1:colcon.colcon_core.environment:checking '/home/mahmudul/virtual_bot_ws/install/autonomous_bot/lib/pkgconfig/autonomous_bot.pc'
[2.507s] Level 1:colcon.colcon_core.environment:checking '/home/mahmudul/virtual_bot_ws/install/autonomous_bot/lib/python3.10/site-packages'
[2.508s] Level 1:colcon.colcon_core.environment:checking '/home/mahmudul/virtual_bot_ws/install/autonomous_bot/bin'
[2.509s] INFO:colcon.colcon_core.shell:Creating package script '/home/mahmudul/virtual_bot_ws/install/autonomous_bot/share/autonomous_bot/package.ps1'
[2.510s] INFO:colcon.colcon_core.shell:Creating package descriptor '/home/mahmudul/virtual_bot_ws/install/autonomous_bot/share/autonomous_bot/package.dsv'
[2.511s] INFO:colcon.colcon_core.shell:Creating package script '/home/mahmudul/virtual_bot_ws/install/autonomous_bot/share/autonomous_bot/package.sh'
[2.513s] INFO:colcon.colcon_core.shell:Creating package script '/home/mahmudul/virtual_bot_ws/install/autonomous_bot/share/autonomous_bot/package.bash'
[2.523s] INFO:colcon.colcon_core.shell:Creating package script '/home/mahmudul/virtual_bot_ws/install/autonomous_bot/share/autonomous_bot/package.zsh'
[2.526s] Level 1:colcon.colcon_core.environment:create_file_with_runtime_dependencies(/home/mahmudul/virtual_bot_ws/install/autonomous_bot/share/colcon-core/packages/autonomous_bot)
[2.526s] DEBUG:colcon.colcon_parallel_executor.executor.parallel:closing loop
[2.526s] DEBUG:colcon.colcon_parallel_executor.executor.parallel:loop closed
[2.526s] DEBUG:colcon.colcon_parallel_executor.executor.parallel:run_until_complete finished with '0'
[2.527s] DEBUG:colcon.colcon_core.event_reactor:joining thread
[2.549s] INFO:colcon.colcon_core.plugin_system:Skipping extension 'colcon_notification.desktop_notification.terminal_notifier': Not used on non-Darwin systems
[2.549s] INFO:colcon.colcon_core.plugin_system:Skipping extension 'colcon_notification.desktop_notification.win32': Not used on non-Windows systems
[2.550s] INFO:colcon.colcon_notification.desktop_notification:Sending desktop notification using 'notify2'
[2.622s] DEBUG:colcon.colcon_core.event_reactor:joined thread
[2.623s] INFO:colcon.colcon_core.shell:Creating prefix script '/home/mahmudul/virtual_bot_ws/install/local_setup.ps1'
[2.636s] INFO:colcon.colcon_core.shell:Creating prefix util module '/home/mahmudul/virtual_bot_ws/install/_local_setup_util_ps1.py'
[2.643s] INFO:colcon.colcon_core.shell:Creating prefix chain script '/home/mahmudul/virtual_bot_ws/install/setup.ps1'
[2.651s] INFO:colcon.colcon_core.shell:Creating prefix script '/home/mahmudul/virtual_bot_ws/install/local_setup.sh'
[2.655s] INFO:colcon.colcon_core.shell:Creating prefix util module '/home/mahmudul/virtual_bot_ws/install/_local_setup_util_sh.py'
[2.658s] INFO:colcon.colcon_core.shell:Creating prefix chain script '/home/mahmudul/virtual_bot_ws/install/setup.sh'
[2.667s] INFO:colcon.colcon_core.shell:Creating prefix script '/home/mahmudul/virtual_bot_ws/install/local_setup.bash'
[2.671s] INFO:colcon.colcon_core.shell:Creating prefix chain script '/home/mahmudul/virtual_bot_ws/install/setup.bash'
[2.675s] INFO:colcon.colcon_core.shell:Creating prefix script '/home/mahmudul/virtual_bot_ws/install/local_setup.zsh'
[2.682s] INFO:colcon.colcon_core.shell:Creating prefix chain script '/home/mahmudul/virtual_bot_ws/install/setup.zsh'
