-- Install configuration: ""
-- Execute custom install script
-- Up-to-date symlink: /home/mahmudul/virtual_bot_ws/install/autonomous_bot/share/autonomous_bot//urdf/bot.urdf
-- Up-to-date symlink: /home/mahmudul/virtual_bot_ws/install/autonomous_bot/share/autonomous_bot//urdf/bot.urdf.xacro
-- Up-to-date symlink: /home/mahmudul/virtual_bot_ws/install/autonomous_bot/share/autonomous_bot//launch/simulation.launch.py
-- Symlinking: /home/mahmudul/virtual_bot_ws/install/autonomous_bot/share/autonomous_bot//launch/slam.launch.py
-- Symlinking: /home/mahmudul/virtual_bot_ws/install/autonomous_bot/share/autonomous_bot//config/slam_params.yaml
-- Up-to-date symlink: /home/mahmudul/virtual_bot_ws/install/autonomous_bot/share/autonomous_bot//worlds/test_world.world
-- Up-to-date symlink: /home/mahmudul/virtual_bot_ws/install/autonomous_bot/share/ament_index/resource_index/package_run_dependencies/autonomous_bot
-- Up-to-date symlink: /home/mahmudul/virtual_bot_ws/install/autonomous_bot/share/ament_index/resource_index/parent_prefix_path/autonomous_bot
-- Up-to-date symlink: /home/mahmudul/virtual_bot_ws/install/autonomous_bot/share/autonomous_bot/environment/ament_prefix_path.sh
-- Up-to-date symlink: /home/mahmudul/virtual_bot_ws/install/autonomous_bot/share/autonomous_bot/environment/ament_prefix_path.dsv
-- Up-to-date symlink: /home/mahmudul/virtual_bot_ws/install/autonomous_bot/share/autonomous_bot/environment/path.sh
-- Up-to-date symlink: /home/mahmudul/virtual_bot_ws/install/autonomous_bot/share/autonomous_bot/environment/path.dsv
-- Up-to-date symlink: /home/mahmudul/virtual_bot_ws/install/autonomous_bot/share/autonomous_bot/local_setup.bash
-- Up-to-date symlink: /home/mahmudul/virtual_bot_ws/install/autonomous_bot/share/autonomous_bot/local_setup.sh
-- Up-to-date symlink: /home/mahmudul/virtual_bot_ws/install/autonomous_bot/share/autonomous_bot/local_setup.zsh
-- Up-to-date symlink: /home/mahmudul/virtual_bot_ws/install/autonomous_bot/share/autonomous_bot/local_setup.dsv
-- Symlinking: /home/mahmudul/virtual_bot_ws/install/autonomous_bot/share/autonomous_bot/package.dsv
-- Up-to-date symlink: /home/mahmudul/virtual_bot_ws/install/autonomous_bot/share/ament_index/resource_index/packages/autonomous_bot
-- Up-to-date symlink: /home/mahmudul/virtual_bot_ws/install/autonomous_bot/share/autonomous_bot/cmake/autonomous_botConfig.cmake
-- Up-to-date symlink: /home/mahmudul/virtual_bot_ws/install/autonomous_bot/share/autonomous_bot/cmake/autonomous_botConfig-version.cmake
-- Up-to-date symlink: /home/mahmudul/virtual_bot_ws/install/autonomous_bot/share/autonomous_bot/package.xml
