[0.140s] DEBUG:colcon:Command line arguments: ['/usr/bin/colcon', 'build', '--packages-select', 'autonomous_bot']
[0.141s] DEBUG:colcon:Parsed command line arguments: Namespace(log_base=None, log_level=None, verb_name='build', build_base='build', install_base='install', merge_install=False, symlink_install=False, test_result_base=None, continue_on_error=False, executor='parallel', parallel_workers=4, event_handlers=None, ignore_user_meta=False, metas=['./colcon.meta'], base_paths=['.'], packages_ignore=None, packages_ignore_regex=None, paths=None, packages_up_to=None, packages_up_to_regex=None, packages_above=None, packages_above_and_dependencies=None, packages_above_depth=None, packages_select_by_dep=None, packages_skip_by_dep=None, packages_skip_up_to=None, packages_select_build_failed=False, packages_skip_build_finished=False, packages_select_test_failures=False, packages_skip_test_passed=False, packages_select=['autonomous_bot'], packages_skip=None, packages_select_regex=None, packages_skip_regex=None, packages_start=None, packages_end=None, allow_overriding=[], cmake_args=None, cmake_target=None, cmake_target_skip_unavailable=False, cmake_clean_cache=False, cmake_clean_first=False, cmake_force_configure=False, ament_cmake_args=None, catkin_cmake_args=None, catkin_skip_building_tests=False, verb_parser=<colcon_defaults.argument_parser.defaults.DefaultArgumentsDecorator object at 0x7453cf0566b0>, verb_extension=<colcon_core.verb.build.BuildVerb object at 0x7453cf056140>, main=<bound method BuildVerb.main of <colcon_core.verb.build.BuildVerb object at 0x7453cf056140>>)
[0.485s] Level 1:colcon.colcon_core.package_discovery:discover_packages(colcon_meta) check parameters
[0.485s] Level 1:colcon.colcon_core.package_discovery:discover_packages(recursive) check parameters
[0.485s] Level 1:colcon.colcon_core.package_discovery:discover_packages(ignore) check parameters
[0.486s] Level 1:colcon.colcon_core.package_discovery:discover_packages(path) check parameters
[0.486s] Level 1:colcon.colcon_core.package_discovery:discover_packages(colcon_meta) discover
[0.486s] Level 1:colcon.colcon_core.package_discovery:discover_packages(recursive) discover
[0.486s] INFO:colcon.colcon_core.package_discovery:Crawling recursively for packages in '/home/mahmudul/virtual_bot_ws'
[0.486s] Level 1:colcon.colcon_core.package_identification:_identify(.) by extensions ['ignore', 'ignore_ament_install']
[0.486s] Level 1:colcon.colcon_core.package_identification:_identify(.) by extension 'ignore'
[0.486s] Level 1:colcon.colcon_core.package_identification:_identify(.) by extension 'ignore_ament_install'
[0.486s] Level 1:colcon.colcon_core.package_identification:_identify(.) by extensions ['colcon_pkg']
[0.486s] Level 1:colcon.colcon_core.package_identification:_identify(.) by extension 'colcon_pkg'
[0.487s] Level 1:colcon.colcon_core.package_identification:_identify(.) by extensions ['colcon_meta']
[0.487s] Level 1:colcon.colcon_core.package_identification:_identify(.) by extension 'colcon_meta'
[0.487s] Level 1:colcon.colcon_core.package_identification:_identify(.) by extensions ['ros']
[0.487s] Level 1:colcon.colcon_core.package_identification:_identify(.) by extension 'ros'
[0.504s] Level 1:colcon.colcon_core.package_identification:_identify(.) by extensions ['cmake', 'python']
[0.504s] Level 1:colcon.colcon_core.package_identification:_identify(.) by extension 'cmake'
[0.505s] Level 1:colcon.colcon_core.package_identification:_identify(.) by extension 'python'
[0.505s] Level 1:colcon.colcon_core.package_identification:_identify(.) by extensions ['python_setup_py']
[0.505s] Level 1:colcon.colcon_core.package_identification:_identify(.) by extension 'python_setup_py'
[0.505s] Level 1:colcon.colcon_core.package_identification:_identify(build) by extensions ['ignore', 'ignore_ament_install']
[0.505s] Level 1:colcon.colcon_core.package_identification:_identify(build) by extension 'ignore'
[0.505s] Level 1:colcon.colcon_core.package_identification:_identify(build) ignored
[0.506s] Level 1:colcon.colcon_core.package_identification:_identify(install) by extensions ['ignore', 'ignore_ament_install']
[0.506s] Level 1:colcon.colcon_core.package_identification:_identify(install) by extension 'ignore'
[0.506s] Level 1:colcon.colcon_core.package_identification:_identify(install) ignored
[0.506s] Level 1:colcon.colcon_core.package_identification:_identify(log) by extensions ['ignore', 'ignore_ament_install']
[0.506s] Level 1:colcon.colcon_core.package_identification:_identify(log) by extension 'ignore'
[0.506s] Level 1:colcon.colcon_core.package_identification:_identify(log) ignored
[0.506s] Level 1:colcon.colcon_core.package_identification:_identify(src) by extensions ['ignore', 'ignore_ament_install']
[0.506s] Level 1:colcon.colcon_core.package_identification:_identify(src) by extension 'ignore'
[0.506s] Level 1:colcon.colcon_core.package_identification:_identify(src) by extension 'ignore_ament_install'
[0.507s] Level 1:colcon.colcon_core.package_identification:_identify(src) by extensions ['colcon_pkg']
[0.507s] Level 1:colcon.colcon_core.package_identification:_identify(src) by extension 'colcon_pkg'
[0.507s] Level 1:colcon.colcon_core.package_identification:_identify(src) by extensions ['colcon_meta']
[0.507s] Level 1:colcon.colcon_core.package_identification:_identify(src) by extension 'colcon_meta'
[0.507s] Level 1:colcon.colcon_core.package_identification:_identify(src) by extensions ['ros']
[0.507s] Level 1:colcon.colcon_core.package_identification:_identify(src) by extension 'ros'
[0.507s] Level 1:colcon.colcon_core.package_identification:_identify(src) by extensions ['cmake', 'python']
[0.507s] Level 1:colcon.colcon_core.package_identification:_identify(src) by extension 'cmake'
[0.507s] Level 1:colcon.colcon_core.package_identification:_identify(src) by extension 'python'
[0.507s] Level 1:colcon.colcon_core.package_identification:_identify(src) by extensions ['python_setup_py']
[0.507s] Level 1:colcon.colcon_core.package_identification:_identify(src) by extension 'python_setup_py'
[0.507s] Level 1:colcon.colcon_core.package_identification:_identify(src/autonomous_bot) by extensions ['ignore', 'ignore_ament_install']
[0.507s] Level 1:colcon.colcon_core.package_identification:_identify(src/autonomous_bot) by extension 'ignore'
[0.507s] Level 1:colcon.colcon_core.package_identification:_identify(src/autonomous_bot) by extension 'ignore_ament_install'
[0.508s] Level 1:colcon.colcon_core.package_identification:_identify(src/autonomous_bot) by extensions ['colcon_pkg']
[0.508s] Level 1:colcon.colcon_core.package_identification:_identify(src/autonomous_bot) by extension 'colcon_pkg'
[0.508s] Level 1:colcon.colcon_core.package_identification:_identify(src/autonomous_bot) by extensions ['colcon_meta']
[0.508s] Level 1:colcon.colcon_core.package_identification:_identify(src/autonomous_bot) by extension 'colcon_meta'
[0.508s] Level 1:colcon.colcon_core.package_identification:_identify(src/autonomous_bot) by extensions ['ros']
[0.508s] Level 1:colcon.colcon_core.package_identification:_identify(src/autonomous_bot) by extension 'ros'
[0.511s] DEBUG:colcon.colcon_core.package_identification:Package 'src/autonomous_bot' with type 'ros.ament_cmake' and name 'autonomous_bot'
[0.511s] Level 1:colcon.colcon_core.package_discovery:discover_packages(recursive) using defaults
[0.512s] Level 1:colcon.colcon_core.package_discovery:discover_packages(ignore) discover
[0.512s] Level 1:colcon.colcon_core.package_discovery:discover_packages(ignore) using defaults
[0.512s] Level 1:colcon.colcon_core.package_discovery:discover_packages(path) discover
[0.512s] Level 1:colcon.colcon_core.package_discovery:discover_packages(path) using defaults
[0.539s] Level 1:colcon.colcon_core.package_discovery:discover_packages(prefix_path) check parameters
[0.540s] Level 1:colcon.colcon_core.package_discovery:discover_packages(prefix_path) discover
[0.543s] DEBUG:colcon.colcon_installed_package_information.package_discovery:Found 382 installed packages in /opt/ros/humble
[0.546s] Level 1:colcon.colcon_core.package_discovery:discover_packages(prefix_path) using defaults
[0.610s] Level 5:colcon.colcon_core.verb:set package 'autonomous_bot' build argument 'cmake_args' from command line to 'None'
[0.610s] Level 5:colcon.colcon_core.verb:set package 'autonomous_bot' build argument 'cmake_target' from command line to 'None'
[0.610s] Level 5:colcon.colcon_core.verb:set package 'autonomous_bot' build argument 'cmake_target_skip_unavailable' from command line to 'False'
[0.610s] Level 5:colcon.colcon_core.verb:set package 'autonomous_bot' build argument 'cmake_clean_cache' from command line to 'False'
[0.610s] Level 5:colcon.colcon_core.verb:set package 'autonomous_bot' build argument 'cmake_clean_first' from command line to 'False'
[0.610s] Level 5:colcon.colcon_core.verb:set package 'autonomous_bot' build argument 'cmake_force_configure' from command line to 'False'
[0.610s] Level 5:colcon.colcon_core.verb:set package 'autonomous_bot' build argument 'ament_cmake_args' from command line to 'None'
[0.610s] Level 5:colcon.colcon_core.verb:set package 'autonomous_bot' build argument 'catkin_cmake_args' from command line to 'None'
[0.610s] Level 5:colcon.colcon_core.verb:set package 'autonomous_bot' build argument 'catkin_skip_building_tests' from command line to 'False'
[0.610s] DEBUG:colcon.colcon_core.verb:Building package 'autonomous_bot' with the following arguments: {'ament_cmake_args': None, 'build_base': '/home/mahmudul/virtual_bot_ws/build/autonomous_bot', 'catkin_cmake_args': None, 'catkin_skip_building_tests': False, 'cmake_args': None, 'cmake_clean_cache': False, 'cmake_clean_first': False, 'cmake_force_configure': False, 'cmake_target': None, 'cmake_target_skip_unavailable': False, 'install_base': '/home/mahmudul/virtual_bot_ws/install/autonomous_bot', 'merge_install': False, 'path': '/home/mahmudul/virtual_bot_ws/src/autonomous_bot', 'symlink_install': False, 'test_result_base': None}
[0.610s] INFO:colcon.colcon_core.executor:Executing jobs using 'parallel' executor
[0.612s] DEBUG:colcon.colcon_parallel_executor.executor.parallel:run_until_complete
[0.612s] INFO:colcon.colcon_ros.task.ament_cmake.build:Building ROS package in '/home/mahmudul/virtual_bot_ws/src/autonomous_bot' with build type 'ament_cmake'
[0.612s] INFO:colcon.colcon_cmake.task.cmake.build:Building CMake package in '/home/mahmudul/virtual_bot_ws/src/autonomous_bot'
[0.615s] INFO:colcon.colcon_core.plugin_system:Skipping extension 'colcon_core.shell.bat': Not used on non-Windows systems
[0.616s] INFO:colcon.colcon_core.shell:Skip shell extension 'powershell' for command environment: Not usable outside of PowerShell
[0.616s] DEBUG:colcon.colcon_core.shell:Skip shell extension 'dsv' for command environment
[0.629s] DEBUG:colcon.colcon_core.event_handler.log_command:Invoking command in '/home/mahmudul/virtual_bot_ws/build/autonomous_bot': CMAKE_PREFIX_PATH=/opt/ros/humble /usr/bin/cmake --build /home/mahmudul/virtual_bot_ws/build/autonomous_bot -- -j4 -l4
[0.677s] DEBUG:colcon.colcon_core.event_handler.log_command:Invoked command in '/home/mahmudul/virtual_bot_ws/build/autonomous_bot' returned '0': CMAKE_PREFIX_PATH=/opt/ros/humble /usr/bin/cmake --build /home/mahmudul/virtual_bot_ws/build/autonomous_bot -- -j4 -l4
[0.689s] DEBUG:colcon.colcon_core.event_handler.log_command:Invoking command in '/home/mahmudul/virtual_bot_ws/build/autonomous_bot': CMAKE_PREFIX_PATH=/opt/ros/humble /usr/bin/cmake --install /home/mahmudul/virtual_bot_ws/build/autonomous_bot
[0.720s] Level 1:colcon.colcon_core.environment:create_environment_scripts_only(autonomous_bot)
[0.721s] DEBUG:colcon.colcon_core.event_handler.log_command:Invoked command in '/home/mahmudul/virtual_bot_ws/build/autonomous_bot' returned '0': CMAKE_PREFIX_PATH=/opt/ros/humble /usr/bin/cmake --install /home/mahmudul/virtual_bot_ws/build/autonomous_bot
[0.728s] Level 1:colcon.colcon_core.environment:checking '/home/mahmudul/virtual_bot_ws/install/autonomous_bot' for CMake module files
[0.729s] Level 1:colcon.colcon_core.environment:checking '/home/mahmudul/virtual_bot_ws/install/autonomous_bot' for CMake config files
[0.730s] Level 1:colcon.colcon_core.shell:create_environment_hook('autonomous_bot', 'cmake_prefix_path')
[0.731s] INFO:colcon.colcon_core.shell:Creating environment hook '/home/mahmudul/virtual_bot_ws/install/autonomous_bot/share/autonomous_bot/hook/cmake_prefix_path.ps1'
[0.733s] INFO:colcon.colcon_core.shell:Creating environment descriptor '/home/mahmudul/virtual_bot_ws/install/autonomous_bot/share/autonomous_bot/hook/cmake_prefix_path.dsv'
[0.734s] INFO:colcon.colcon_core.shell:Creating environment hook '/home/mahmudul/virtual_bot_ws/install/autonomous_bot/share/autonomous_bot/hook/cmake_prefix_path.sh'
[0.737s] Level 1:colcon.colcon_core.environment:checking '/home/mahmudul/virtual_bot_ws/install/autonomous_bot/bin'
[0.737s] Level 1:colcon.colcon_core.environment:checking '/home/mahmudul/virtual_bot_ws/install/autonomous_bot/lib/pkgconfig/autonomous_bot.pc'
[0.738s] Level 1:colcon.colcon_core.environment:checking '/home/mahmudul/virtual_bot_ws/install/autonomous_bot/lib/python3.10/site-packages'
[0.739s] Level 1:colcon.colcon_core.environment:checking '/home/mahmudul/virtual_bot_ws/install/autonomous_bot/bin'
[0.740s] INFO:colcon.colcon_core.shell:Creating package script '/home/mahmudul/virtual_bot_ws/install/autonomous_bot/share/autonomous_bot/package.ps1'
[0.743s] INFO:colcon.colcon_core.shell:Creating package descriptor '/home/mahmudul/virtual_bot_ws/install/autonomous_bot/share/autonomous_bot/package.dsv'
[0.744s] INFO:colcon.colcon_core.shell:Creating package script '/home/mahmudul/virtual_bot_ws/install/autonomous_bot/share/autonomous_bot/package.sh'
[0.746s] INFO:colcon.colcon_core.shell:Creating package script '/home/mahmudul/virtual_bot_ws/install/autonomous_bot/share/autonomous_bot/package.bash'
[0.747s] INFO:colcon.colcon_core.shell:Creating package script '/home/mahmudul/virtual_bot_ws/install/autonomous_bot/share/autonomous_bot/package.zsh'
[0.749s] Level 1:colcon.colcon_core.environment:create_file_with_runtime_dependencies(/home/mahmudul/virtual_bot_ws/install/autonomous_bot/share/colcon-core/packages/autonomous_bot)
[0.750s] Level 1:colcon.colcon_core.environment:create_environment_scripts_only(autonomous_bot)
[0.750s] Level 1:colcon.colcon_core.environment:checking '/home/mahmudul/virtual_bot_ws/install/autonomous_bot' for CMake module files
[0.751s] Level 1:colcon.colcon_core.environment:checking '/home/mahmudul/virtual_bot_ws/install/autonomous_bot' for CMake config files
[0.751s] Level 1:colcon.colcon_core.shell:create_environment_hook('autonomous_bot', 'cmake_prefix_path')
[0.752s] INFO:colcon.colcon_core.shell:Creating environment hook '/home/mahmudul/virtual_bot_ws/install/autonomous_bot/share/autonomous_bot/hook/cmake_prefix_path.ps1'
[0.753s] INFO:colcon.colcon_core.shell:Creating environment descriptor '/home/mahmudul/virtual_bot_ws/install/autonomous_bot/share/autonomous_bot/hook/cmake_prefix_path.dsv'
[0.754s] INFO:colcon.colcon_core.shell:Creating environment hook '/home/mahmudul/virtual_bot_ws/install/autonomous_bot/share/autonomous_bot/hook/cmake_prefix_path.sh'
[0.755s] Level 1:colcon.colcon_core.environment:checking '/home/mahmudul/virtual_bot_ws/install/autonomous_bot/bin'
[0.755s] Level 1:colcon.colcon_core.environment:checking '/home/mahmudul/virtual_bot_ws/install/autonomous_bot/lib/pkgconfig/autonomous_bot.pc'
[0.755s] Level 1:colcon.colcon_core.environment:checking '/home/mahmudul/virtual_bot_ws/install/autonomous_bot/lib/python3.10/site-packages'
[0.756s] Level 1:colcon.colcon_core.environment:checking '/home/mahmudul/virtual_bot_ws/install/autonomous_bot/bin'
[0.757s] INFO:colcon.colcon_core.shell:Creating package script '/home/mahmudul/virtual_bot_ws/install/autonomous_bot/share/autonomous_bot/package.ps1'
[0.758s] INFO:colcon.colcon_core.shell:Creating package descriptor '/home/mahmudul/virtual_bot_ws/install/autonomous_bot/share/autonomous_bot/package.dsv'
[0.759s] INFO:colcon.colcon_core.shell:Creating package script '/home/mahmudul/virtual_bot_ws/install/autonomous_bot/share/autonomous_bot/package.sh'
[0.761s] INFO:colcon.colcon_core.shell:Creating package script '/home/mahmudul/virtual_bot_ws/install/autonomous_bot/share/autonomous_bot/package.bash'
[0.762s] INFO:colcon.colcon_core.shell:Creating package script '/home/mahmudul/virtual_bot_ws/install/autonomous_bot/share/autonomous_bot/package.zsh'
[0.763s] Level 1:colcon.colcon_core.environment:create_file_with_runtime_dependencies(/home/mahmudul/virtual_bot_ws/install/autonomous_bot/share/colcon-core/packages/autonomous_bot)
[0.763s] DEBUG:colcon.colcon_parallel_executor.executor.parallel:closing loop
[0.764s] DEBUG:colcon.colcon_parallel_executor.executor.parallel:loop closed
[0.764s] DEBUG:colcon.colcon_parallel_executor.executor.parallel:run_until_complete finished with '0'
[0.764s] DEBUG:colcon.colcon_core.event_reactor:joining thread
[0.778s] INFO:colcon.colcon_core.plugin_system:Skipping extension 'colcon_notification.desktop_notification.terminal_notifier': Not used on non-Darwin systems
[0.778s] INFO:colcon.colcon_core.plugin_system:Skipping extension 'colcon_notification.desktop_notification.win32': Not used on non-Windows systems
[0.778s] INFO:colcon.colcon_notification.desktop_notification:Sending desktop notification using 'notify2'
[0.793s] DEBUG:colcon.colcon_core.event_reactor:joined thread
[0.794s] INFO:colcon.colcon_core.shell:Creating prefix script '/home/mahmudul/virtual_bot_ws/install/local_setup.ps1'
[0.796s] INFO:colcon.colcon_core.shell:Creating prefix util module '/home/mahmudul/virtual_bot_ws/install/_local_setup_util_ps1.py'
[0.800s] INFO:colcon.colcon_core.shell:Creating prefix chain script '/home/mahmudul/virtual_bot_ws/install/setup.ps1'
[0.802s] INFO:colcon.colcon_core.shell:Creating prefix script '/home/mahmudul/virtual_bot_ws/install/local_setup.sh'
[0.803s] INFO:colcon.colcon_core.shell:Creating prefix util module '/home/mahmudul/virtual_bot_ws/install/_local_setup_util_sh.py'
[0.804s] INFO:colcon.colcon_core.shell:Creating prefix chain script '/home/mahmudul/virtual_bot_ws/install/setup.sh'
[0.805s] INFO:colcon.colcon_core.shell:Creating prefix script '/home/mahmudul/virtual_bot_ws/install/local_setup.bash'
[0.806s] INFO:colcon.colcon_core.shell:Creating prefix chain script '/home/mahmudul/virtual_bot_ws/install/setup.bash'
[0.808s] INFO:colcon.colcon_core.shell:Creating prefix script '/home/mahmudul/virtual_bot_ws/install/local_setup.zsh'
[0.808s] INFO:colcon.colcon_core.shell:Creating prefix chain script '/home/mahmudul/virtual_bot_ws/install/setup.zsh'
