[0.026s] Invoking command in '/home/mahmudul/virtual_bot_ws/build/autonomous_bot': CMAKE_PREFIX_PATH=/opt/ros/humble /usr/bin/cmake /home/mahmudul/virtual_bot_ws/src/autonomous_bot -DCMAKE_INSTALL_PREFIX=/home/mahmudul/virtual_bot_ws/install/autonomous_bot
[0.137s] -- Found ament_cmake: 1.3.12 (/opt/ros/humble/share/ament_cmake/cmake)
[0.401s] -- Override CMake install command with custom implementation using symlinks instead of copying resources
[0.438s] -- Found rclcpp: 16.0.15 (/opt/ros/humble/share/rclcpp/cmake)
[0.512s] -- Found rosidl_generator_c: 3.1.7 (/opt/ros/humble/share/rosidl_generator_c/cmake)
[0.520s] -- Found rosidl_adapter: 3.1.7 (/opt/ros/humble/share/rosidl_adapter/cmake)
[0.537s] -- Found rosidl_generator_cpp: 3.1.7 (/opt/ros/humble/share/rosidl_generator_cpp/cmake)
[0.560s] -- Using all available rosidl_typesupport_c: rosidl_typesupport_fastrtps_c;rosidl_typesupport_introspection_c
[0.587s] -- Using all available rosidl_typesupport_cpp: rosidl_typesupport_fastrtps_cpp;rosidl_typesupport_introspection_cpp
[0.662s] -- Found rmw_implementation_cmake: 6.1.2 (/opt/ros/humble/share/rmw_implementation_cmake/cmake)
[0.668s] -- Found rmw_cyclonedds_cpp: 1.3.4 (/opt/ros/humble/share/rmw_cyclonedds_cpp/cmake)
[0.706s] -- Using RMW implementation 'rmw_cyclonedds_cpp' as default
[0.810s] -- Found sensor_msgs: 4.9.0 (/opt/ros/humble/share/sensor_msgs/cmake)
[0.869s] -- Found nav_msgs: 4.9.0 (/opt/ros/humble/share/nav_msgs/cmake)
[0.899s] -- Found tf2_ros: 0.25.16 (/opt/ros/humble/share/tf2_ros/cmake)
[1.074s] -- Found ament_lint_auto: 0.12.14 (/opt/ros/humble/share/ament_lint_auto/cmake)
[1.205s] -- Added test 'flake8' to check Python code syntax and style conventions
[1.206s] -- Added test 'lint_cmake' to check CMake code style
[1.207s] -- Added test 'pep257' to check Python code against some of the docstring style conventions in PEP 257
[1.210s] -- Added test 'xmllint' to check XML markup files
[1.214s] -- Configuring done
[1.232s] -- Generating done
[1.237s] -- Build files have been written to: /home/mahmudul/virtual_bot_ws/build/autonomous_bot
[1.246s] Invoked command in '/home/mahmudul/virtual_bot_ws/build/autonomous_bot' returned '0': CMAKE_PREFIX_PATH=/opt/ros/humble /usr/bin/cmake /home/mahmudul/virtual_bot_ws/src/autonomous_bot -DCMAKE_INSTALL_PREFIX=/home/mahmudul/virtual_bot_ws/install/autonomous_bot
[1.251s] Invoking command in '/home/mahmudul/virtual_bot_ws/build/autonomous_bot': CMAKE_PREFIX_PATH=/opt/ros/humble /usr/bin/cmake --build /home/mahmudul/virtual_bot_ws/build/autonomous_bot -- -j4 -l4
[1.317s] Invoked command in '/home/mahmudul/virtual_bot_ws/build/autonomous_bot' returned '0': CMAKE_PREFIX_PATH=/opt/ros/humble /usr/bin/cmake --build /home/mahmudul/virtual_bot_ws/build/autonomous_bot -- -j4 -l4
[1.333s] Invoking command in '/home/mahmudul/virtual_bot_ws/build/autonomous_bot': CMAKE_PREFIX_PATH=/opt/ros/humble /usr/bin/cmake --install /home/mahmudul/virtual_bot_ws/build/autonomous_bot
[1.342s] -- Install configuration: ""
[1.343s] -- Execute custom install script
[1.344s] -- Up-to-date symlink: /home/mahmudul/virtual_bot_ws/install/autonomous_bot/share/autonomous_bot//urdf/bot.urdf
[1.344s] -- Up-to-date symlink: /home/mahmudul/virtual_bot_ws/install/autonomous_bot/share/autonomous_bot//urdf/bot.urdf.xacro
[1.345s] -- Up-to-date symlink: /home/mahmudul/virtual_bot_ws/install/autonomous_bot/share/autonomous_bot//launch/mapping.launch.py
[1.346s] -- Up-to-date symlink: /home/mahmudul/virtual_bot_ws/install/autonomous_bot/share/autonomous_bot//launch/simulation.launch.py
[1.346s] -- Up-to-date symlink: /home/mahmudul/virtual_bot_ws/install/autonomous_bot/share/autonomous_bot//launch/slam.launch.py
[1.348s] -- Up-to-date symlink: /home/mahmudul/virtual_bot_ws/install/autonomous_bot/share/autonomous_bot//config/mapping.rviz
[1.349s] -- Up-to-date symlink: /home/mahmudul/virtual_bot_ws/install/autonomous_bot/share/autonomous_bot//config/slam_params.yaml
[1.350s] -- Up-to-date symlink: /home/mahmudul/virtual_bot_ws/install/autonomous_bot/share/autonomous_bot//worlds/test_world.world
[1.351s] -- Up-to-date symlink: /home/mahmudul/virtual_bot_ws/install/autonomous_bot/share/autonomous_bot/launch/mapping.launch.py
[1.351s] -- Up-to-date symlink: /home/mahmudul/virtual_bot_ws/install/autonomous_bot/share/autonomous_bot/launch/simulation.launch.py
[1.351s] -- Up-to-date symlink: /home/mahmudul/virtual_bot_ws/install/autonomous_bot/share/autonomous_bot/launch/slam.launch.py
[1.352s] -- Up-to-date symlink: /home/mahmudul/virtual_bot_ws/install/autonomous_bot/share/autonomous_bot/config/mapping.rviz
[1.352s] -- Up-to-date symlink: /home/mahmudul/virtual_bot_ws/install/autonomous_bot/share/autonomous_bot/config/slam_params.yaml
[1.352s] -- Up-to-date symlink: /home/mahmudul/virtual_bot_ws/install/autonomous_bot/share/autonomous_bot/urdf/bot.urdf
[1.352s] -- Up-to-date symlink: /home/mahmudul/virtual_bot_ws/install/autonomous_bot/share/autonomous_bot/urdf/bot.urdf.xacro
[1.353s] -- Up-to-date symlink: /home/mahmudul/virtual_bot_ws/install/autonomous_bot/share/autonomous_bot/worlds/test_world.world
[1.354s] -- Up-to-date symlink: /home/mahmudul/virtual_bot_ws/install/autonomous_bot/share/ament_index/resource_index/package_run_dependencies/autonomous_bot
[1.354s] -- Up-to-date symlink: /home/mahmudul/virtual_bot_ws/install/autonomous_bot/share/ament_index/resource_index/parent_prefix_path/autonomous_bot
[1.355s] -- Up-to-date symlink: /home/mahmudul/virtual_bot_ws/install/autonomous_bot/share/autonomous_bot/environment/ament_prefix_path.sh
[1.355s] -- Up-to-date symlink: /home/mahmudul/virtual_bot_ws/install/autonomous_bot/share/autonomous_bot/environment/ament_prefix_path.dsv
[1.356s] -- Up-to-date symlink: /home/mahmudul/virtual_bot_ws/install/autonomous_bot/share/autonomous_bot/environment/path.sh
[1.356s] -- Up-to-date symlink: /home/mahmudul/virtual_bot_ws/install/autonomous_bot/share/autonomous_bot/environment/path.dsv
[1.357s] -- Up-to-date symlink: /home/mahmudul/virtual_bot_ws/install/autonomous_bot/share/autonomous_bot/local_setup.bash
[1.357s] -- Up-to-date symlink: /home/mahmudul/virtual_bot_ws/install/autonomous_bot/share/autonomous_bot/local_setup.sh
[1.357s] -- Up-to-date symlink: /home/mahmudul/virtual_bot_ws/install/autonomous_bot/share/autonomous_bot/local_setup.zsh
[1.358s] -- Up-to-date symlink: /home/mahmudul/virtual_bot_ws/install/autonomous_bot/share/autonomous_bot/local_setup.dsv
[1.358s] -- Symlinking: /home/mahmudul/virtual_bot_ws/install/autonomous_bot/share/autonomous_bot/package.dsv
[1.371s] -- Up-to-date symlink: /home/mahmudul/virtual_bot_ws/install/autonomous_bot/share/ament_index/resource_index/packages/autonomous_bot
[1.372s] -- Up-to-date symlink: /home/mahmudul/virtual_bot_ws/install/autonomous_bot/share/autonomous_bot/cmake/autonomous_botConfig.cmake
[1.372s] -- Up-to-date symlink: /home/mahmudul/virtual_bot_ws/install/autonomous_bot/share/autonomous_bot/cmake/autonomous_botConfig-version.cmake
[1.373s] -- Up-to-date symlink: /home/mahmudul/virtual_bot_ws/install/autonomous_bot/share/autonomous_bot/package.xml
[1.376s] Invoked command in '/home/mahmudul/virtual_bot_ws/build/autonomous_bot' returned '0': CMAKE_PREFIX_PATH=/opt/ros/humble /usr/bin/cmake --install /home/mahmudul/virtual_bot_ws/build/autonomous_bot
